<?xml version="1.0" encoding="UTF-8"?>
<!-- Generated by org.testng.reporters.JUnitXMLReporter -->
<testsuite hostname="LAPTOP-EMIQ8BEQ" ignored="2" name="Test" tests="2" failures="1" timestamp="2020-10-19T12:52:20 PDT" time="1.628" errors="0">
  <testcase name="loginTekArch" time="1.536" classname="com.TekArch.TestCases.TekArchloginTest"/>
  <testcase name="TekArchCalculator" time="0.003" classname="com.TekArch.TestCases.TekArchCalculatorTest">
    <failure type="java.lang.NullPointerException">
      <![CDATA[java.lang.NullPointerException
at org.openqa.selenium.support.pagefactory.DefaultElementLocator.findElement(DefaultElementLocator.java:69)
at org.openqa.selenium.support.pagefactory.internal.LocatingElementHandler.invoke(LocatingElementHandler.java:38)
at com.sun.proxy.$Proxy11.isDisplayed(Unknown Source)
at org.openqa.selenium.support.ui.ExpectedConditions.elementIfVisible(ExpectedConditions.java:314)
at org.openqa.selenium.support.ui.ExpectedConditions.access$000(ExpectedConditions.java:43)
at org.openqa.selenium.support.ui.ExpectedConditions$10.apply(ExpectedConditions.java:300)
at org.openqa.selenium.support.ui.ExpectedConditions$10.apply(ExpectedConditions.java:297)
at org.openqa.selenium.support.ui.FluentWait.until(FluentWait.java:249)
at com.TekArch.Utility.TekarchBrowserUtility.ExplicitWebDriverWait(TekarchBrowserUtility.java:98)
at com.TekArch.Pages.TekArchCalculatorpage.Calculotor(TekArchCalculatorpage.java:39)
at com.TekArch.TestCases.TekArchCalculatorTest.TekArchCalculator(TekArchCalculatorTest.java:26)
at java.util.ArrayList.forEach(Unknown Source)
... Removed 27 stack frames]]>
    </failure>
  </testcase> <!-- TekArchCalculator -->
  <testcase name="@AfterSuite CloseBrowser" time="0.0" classname="com.TekArch.Utility.TeKArchBaseClass">
    <ignored/>
  </testcase> <!-- @AfterSuite CloseBrowser -->
  <testcase name="@BeforeSuite launchBrowser" time="0.0" classname="com.TekArch.Utility.TeKArchBaseClass">
    <ignored/>
  </testcase> <!-- @BeforeSuite launchBrowser -->
</testsuite> <!-- Test -->
